# timestamp | duration | file | instruction | dir | modtime | etag | size | fileId | status | errorString | http result code | other size | other modtime | other etag | other fileId | other instruction
#=#=#=# Syncrun started 2017-08-05T00:51:39
#=#=#=# Syncrun finished 2017-08-05T00:51:39 (last step: 3 msec, total: 3 msec)
#=#=#=# Syncrun started 2017-08-05T00:51:54
#=#=#=#=# Propagation starts 2017-08-05T00:51:55 (last step: 815 msec, total: 815 msec)
04:51:58||clonedb|INST_NEW|Up|1499225837|2b79354b1dcfa962ffdc7e3ed2f80e73|871|00061530oc2sfyw1nyj8|4||201|0|0|||INST_NONE|
04:51:59||backupsvr|INST_NEW|Up|1492145973|08353209ef7937b698e208db8ca13b6f|1438|00061531oc2sfyw1nyj8|4||201|0|0|||INST_NONE|
04:51:59||domaincheck|INST_NEW|Up|1492145973|9aeceec8ef199f9cff7e0036589c81f8|1402|00061532oc2sfyw1nyj8|4||201|0|0|||INST_NONE|
04:52:00||checkquota|INST_NEW|Up|1492145973|097f35b6b5e0f1113acbcd862593dd3b|1082|00061533oc2sfyw1nyj8|4||201|0|0|||INST_NONE|
04:52:01||archive|INST_NEW|Up|1492145973|511668d99b896d434cc2f9632626a272|921|00061534oc2sfyw1nyj8|4||201|0|0|||INST_NONE|
04:52:01||dash|INST_NEW|Up|1492145973|d7f6b02d41e81c6577451e7ff7613147|58|00061535oc2sfyw1nyj8|4||201|0|0|||INST_NONE|
04:52:02||findssl|INST_NEW|Up|1492145973|8975011c00e148b2a2246bccdd96854c|1046|00061536oc2sfyw1nyj8|4||201|0|0|||INST_NONE|
04:52:03||finddb|INST_NEW|Up|1492145973|d9b45a49aac11a03858fa16c820606d9|1356|00061537oc2sfyw1nyj8|4||201|0|0|||INST_NONE|
04:52:04||getusr|INST_NEW|Up|1493348437|7927d334c2c446c16c64a387da638765|54|00061538oc2sfyw1nyj8|4||201|0|0|||INST_NONE|
04:52:05||fpmconfig|INST_NEW|Up|1492145973|12936266f2959d58daaa37491c9f4b17|2095|00061539oc2sfyw1nyj8|4||201|0|0|||INST_NONE|
04:52:05||googlemx|INST_NEW|Up|1492145973|96720f8d0b51f322b5221d17f6fcfbd2|2405|00061540oc2sfyw1nyj8|4||201|0|0|||INST_NONE|
04:52:06||haxed|INST_NEW|Up|1492145973|59e277bc384d8e26cd69188aa4923e15|1600|00061541oc2sfyw1nyj8|4||201|0|0|||INST_NONE|
04:52:07||fixperms|INST_NEW|Up|1492145973|8bc3bac2e45ba2328e8e312da2c0f2ac|760|00061542oc2sfyw1nyj8|4||201|0|0|||INST_NONE|
04:52:08||htlist|INST_NEW|Up|1492145973|048c7d3a94b83fc147a8410cdfbc963c|2034|00061543oc2sfyw1nyj8|4||201|0|0|||INST_NONE|
04:52:08||impdb|INST_NEW|Up|1499225837|237f18ee80af475c3a1db95b053087a3|643|00061544oc2sfyw1nyj8|4||201|0|0|||INST_NONE|
04:52:09||iworx|INST_NEW|Up|1499225837|20c54bb2169bbb0604feffbeb56116c7|16353|00061545oc2sfyw1nyj8|4||201|0|0|||INST_NONE|
04:52:10||iworxcredz|INST_NEW|Up|1492145973|9ff023d64eb60168038b8974655f79bf|6176|00061546oc2sfyw1nyj8|4||201|0|0|||INST_NONE|
04:52:10||iworxinfo|INST_NEW|Up|1499225837|4db592b2e007578d0888deff140a3551|1016|00061547oc2sfyw1nyj8|4||201|0|0|||INST_NONE|
04:52:11||killqueries|INST_NEW|Up|1492145973|d416ee7a980a3d8724f0437019933764|735|00061548oc2sfyw1nyj8|4||201|0|0|||INST_NONE|
04:52:11||htpasswdauth|INST_NEW|Up|1492145973|60db12ee8130131a4870629872de7074|763|00061549oc2sfyw1nyj8|4||201|0|0|||INST_NONE|
04:52:12||ioncubeupdate|INST_NEW|Up|1492145973|acbcd8974d568aded9c5cb8d91f19f6b|1910|00061550oc2sfyw1nyj8|4||201|0|0|||INST_NONE|
04:52:13||logs|INST_NEW|Up|1492145973|c7b070e80bb4f6215c9aa8e674e8e7b1|1593|00061551oc2sfyw1nyj8|4||201|0|0|||INST_NONE|
04:52:14||liveips|INST_NEW|Up|1492145973|67c6d55445b4622fb792bef4672258b9|1330|00061552oc2sfyw1nyj8|4||201|0|0|||INST_NONE|
04:52:14||localdelivery|INST_NEW|Up|1492145973|f3e41ffd2034ea860ad1d6a9aa4b0708|1420|00061553oc2sfyw1nyj8|4||201|0|0|||INST_NONE|
04:52:15||magdb|INST_NEW|Up|1492145973|18a3e24409049f4f6acafcff9e349c19|13037|00061554oc2sfyw1nyj8|4||201|0|0|||INST_NONE|
04:52:16||memcachedalias|INST_NEW|Up|1492145973|c08f6382cc18abd5fab31ef7b6c4d955|1467|00061555oc2sfyw1nyj8|4||201|0|0|||INST_NONE|
04:52:16||nkdrupal|INST_NEW|Up|1492145973|aae9873061227ec89054b9d0bb00e18b|2809|00061556oc2sfyw1nyj8|4||201|0|0|||INST_NONE|
04:52:18||q|INST_NEW|Up|1492145973|f12a28684d5a0d7a9d61fe21b55899cb|646|00061557oc2sfyw1nyj8|4||201|0|0|||INST_NONE|
04:52:19||restoredb|INST_NEW|Up|1492145973|fd5f073b38dc03d085c25ef136b0c5c4|862|00061558oc2sfyw1nyj8|4||201|0|0|||INST_NONE|
04:52:19||modsec|INST_NEW|Up|1492145973|d1e7029abcfab035a2c5b669143399f1|1297|00061559oc2sfyw1nyj8|4||201|0|0|||INST_NONE|
04:52:20||qmq|INST_NEW|Up|1492145973|ea82c780cbe2fc0d07168b8c4b6c3a65|1411|00061560oc2sfyw1nyj8|4||201|0|0|||INST_NONE|
04:52:21||magparallel|INST_NEW|Up|1492145973|80b40cbb7cae4e1e9fda19c7d911b6ad|1225|00061561oc2sfyw1nyj8|4||201|0|0|||INST_NONE|
04:52:21||serverName|INST_NEW|Up|1492145973|c098a74414ce4ca376b2c781eab4e70b|246|00061562oc2sfyw1nyj8|4||201|0|0|||INST_NONE|
04:52:22||sendthis|INST_NEW|Up|1492145973|32a6f23b412569cafbddeba8b7408f5a|559|00061563oc2sfyw1nyj8|4||201|0|0|||INST_NONE|
04:52:23||sinfo|INST_NEW|Up|1492145973|0cb2eb337e4713c24722708e805b58ea|3764|00061564oc2sfyw1nyj8|4||201|0|0|||INST_NONE|
04:52:23||soap_test.php|INST_NEW|Up|1501558487|4262d3674e3faf952ae6ab59284a45f4|450|00061565oc2sfyw1nyj8|4||201|0|0|||INST_NONE|
04:52:24||soap_test3.php|INST_NEW|Up|1501558487|80ee2af200f8a64037cb6b1a08727c8f|722|00061566oc2sfyw1nyj8|4||201|0|0|||INST_NONE|
04:52:25||socketcheck.sh|INST_NEW|Up|1492145973|e5cd047408baa9891153115f4ffede4d|1884|00061567oc2sfyw1nyj8|4||201|0|0|||INST_NONE|
04:52:25||sshcredz|INST_NEW|Up|1492145973|df87ebb207592c8c129fa0888d921656|896|00061568oc2sfyw1nyj8|4||201|0|0|||INST_NONE|
04:52:26||strace|INST_NEW|Up|1501558487|915568725bda0f0fe5c5b2ee588710b6|159|00061569oc2sfyw1nyj8|4||201|0|0|||INST_NONE|
04:52:27||sum_traffic|INST_NEW|Up|1492145973|1bf0582226654377ebc743575d26be25|1775|00061570oc2sfyw1nyj8|4||201|0|0|||INST_NONE|
04:52:28||tablesize|INST_NEW|Up|1492145973|cbeb4ed499657709c0948a4d49758e0e|991|00061571oc2sfyw1nyj8|4||201|0|0|||INST_NONE|
04:52:29||nkjoomla|INST_NEW|Up|1492145973|82a2a22828e79b1ba3e60eb32f0b156f|8188|00061572oc2sfyw1nyj8|4||201|0|0|||INST_NONE|
04:52:29||traffic|INST_NEW|Up|1492145973|ecc2acf7b1c70ce4f02540c678b59dda|5538|00061573oc2sfyw1nyj8|4||201|0|0|||INST_NONE|
04:52:30||sslswap|INST_NEW|Up|1492145973|f40a1b3a6191ecb9dc74d3375cc178c6|1756|00061574oc2sfyw1nyj8|4||201|0|0|||INST_NONE|
04:52:31||usual_suspects|INST_NEW|Up|1492145973|7dcabc36427da7bde1c0d294e7d14d68|5061|00061575oc2sfyw1nyj8|4||201|0|0|||INST_NONE|
04:52:32||ttfb|INST_NEW|Up|1492145973|d54df12019b5c0b2ba39a7a32ec7f21a|610|00061576oc2sfyw1nyj8|4||201|0|0|||INST_NONE|
04:52:32||wpdb|INST_NEW|Up|1492145973|67cc5d143e292fe4fe28e5e6e999d997|6079|00061577oc2sfyw1nyj8|4||201|0|0|||INST_NONE|
04:52:33||xkcd|INST_NEW|Up|1492145973|958f3fb0c38edad529635573a5741002|903|00061578oc2sfyw1nyj8|4||201|0|0|||INST_NONE|
04:52:34||zendguardinstall|INST_NEW|Up|1492145973|e4c74321b2b1a99858e756b6e1cc57a0|1772|00061579oc2sfyw1nyj8|4||201|0|0|||INST_NONE|
04:52:35||whitelist|INST_NEW|Up|1492145973|79bb32f0c56fa79b04efa822c54ef640|1962|00061580oc2sfyw1nyj8|4||201|0|0|||INST_NONE|
#=#=#=# Syncrun finished 2017-08-05T00:52:35 (last step: 39679 msec, total: 40495 msec)
#=#=#=# Syncrun started 2017-08-05T00:52:50
#=#=#=#=# Propagation starts 2017-08-05T00:52:52 (last step: 1349 msec, total: 1349 msec)
#=#=#=# Syncrun finished 2017-08-05T00:52:52 (last step: 5 msec, total: 1355 msec)
#=#=#=# Syncrun started 2017-08-05T00:53:45
#=#=#=#=# Propagation starts 2017-08-05T00:53:47 (last step: 2338 msec, total: 2338 msec)
#=#=#=# Syncrun finished 2017-08-05T00:53:47 (last step: 4 msec, total: 2343 msec)
#=#=#=# Syncrun started 2017-08-05T10:32:05
#=#=#=#=# Propagation starts 2017-08-05T10:32:08 (last step: 3236 msec, total: 3236 msec)
#=#=#=# Syncrun finished 2017-08-05T10:32:08 (last step: 5 msec, total: 3241 msec)
