  INSERT INTO commands (argv)
  VALUES ('aa');
  INSERT INTO places (host, dir)
  VALUES ("sip1-208.nexcess.net", '/chroot/home/nexmrafferty');
  INSERT INTO users (user)
  VALUES ('root');
  INSERT INTO history (session, command_id, place_id, user_id, start_time)
    SELECT
    "da1195", commands.rowid, places.rowid, users.rowid, 1545361349
    FROM commands, places, users
    WHERE commands.argv = 'aa'
    AND places.host = "sip1-208.nexcess.net"
    AND users.user = 'root'
    AND places.dir = '/chroot/home/nexmrafferty';
  UPDATE history SET
  exit_status = 127,
  duration = 1545361349 - start_time
  WHERE rowid = (
    SELECT MAX(rowid)
    FROM history
WHERE session = "da1195"
AND exit_status IS NULL
AND duration IS NULL
  );
